<?xml version="1.0" encoding="UTF-8"?>
<testng-results skipped="0" failed="0" ignored="7" total="8" passed="1">
  <reporter-output>
  </reporter-output>
  <suite name="MyTestSuite" duration-ms="4455" started-at="2022-03-22T07:11:12 IST" finished-at="2022-03-22T07:11:17 IST">
    <groups>
      <group name="Critical">
        <method signature="ExecuteAdminUsers.verifyPasswordArrowINAdminUsersPage()[pri:0, instance:executeClasses.ExecuteAdminUsers@8e24743]" name="verifyPasswordArrowINAdminUsersPage" class="executeClasses.ExecuteAdminUsers"/>
      </group> <!-- Critical -->
    </groups>
    <test name="Chrome Test" duration-ms="4455" started-at="2022-03-22T07:11:12 IST" finished-at="2022-03-22T07:11:17 IST">
      <class name="executeClasses.ExecuteAdminUsers">
        <test-method status="PASS" signature="beforeMethod(java.lang.String)[pri:0, instance:executeClasses.ExecuteAdminUsers@8e24743]" name="beforeMethod" is-config="true" duration-ms="3405" started-at="2022-03-22T07:11:12 IST" finished-at="2022-03-22T07:11:16 IST">
          <params>
            <param index="0">
              <value>
                <![CDATA[chrome]]>
              </value>
            </param>
          </params>
          <reporter-output>
          </reporter-output>
        </test-method> <!-- beforeMethod -->
        <test-method status="PASS" signature="verifyPasswordArrowINAdminUsersPage()[pri:0, instance:executeClasses.ExecuteAdminUsers@8e24743]" name="verifyPasswordArrowINAdminUsersPage" duration-ms="1011" started-at="2022-03-22T07:11:16 IST" finished-at="2022-03-22T07:11:17 IST">
          <reporter-output>
          </reporter-output>
        </test-method> <!-- verifyPasswordArrowINAdminUsersPage -->
      </class> <!-- executeClasses.ExecuteAdminUsers -->
    </test> <!-- Chrome Test -->
  </suite> <!-- MyTestSuite -->
</testng-results>
