<?xml version="1.0" encoding="UTF-8"?>
<!-- Generated by org.testng.reporters.JUnitXMLReporter -->
<testsuite hostname="DESKTOP-3FFEOHO" ignored="7" name="Chrome Test" tests="1" failures="0" timestamp="2022-03-22T07:11:17 IST" time="4.455" errors="0">
  <testcase name="verifyPasswordArrowINAdminUsersPage" time="1.011" classname="executeClasses.ExecuteAdminUsers"/>
  <testcase name="verifyBackgroundColorOfSearchButn" time="0.0" classname="executeClasses.ExecuteAdminUsers">
    <ignored/>
  </testcase> <!-- verifyBackgroundColorOfSearchButn -->
  <testcase name="verifyUserNameDisplayed" time="0.0" classname="executeClasses.ExecuteAdminUsers">
    <ignored/>
  </testcase> <!-- verifyUserNameDisplayed -->
  <testcase name="verifySearchButn" time="0.0" classname="executeClasses.ExecuteAdminUsers">
    <ignored/>
  </testcase> <!-- verifySearchButn -->
  <testcase name="verifyTextOfResetButn" time="0.0" classname="executeClasses.ExecuteAdminUsers">
    <ignored/>
  </testcase> <!-- verifyTextOfResetButn -->
  <testcase name="verifySearchUserName" time="0.0" classname="executeClasses.ExecuteAdminUsers">
    <ignored/>
  </testcase> <!-- verifySearchUserName -->
  <testcase name="verifybackgroundOfResetButn" time="0.0" classname="executeClasses.ExecuteAdminUsers">
    <ignored/>
  </testcase> <!-- verifybackgroundOfResetButn -->
  <testcase name="verifyActiveButton" time="0.0" classname="executeClasses.ExecuteAdminUsers">
    <ignored/>
  </testcase> <!-- verifyActiveButton -->
</testsuite> <!-- Chrome Test -->
